2013-04-22 23:03:32,023 [1000250]   INFO - j.compiler.server.BuildManager - BUILDER_PROCESS [stdout]: Build process started. Classpath: /home/acsia/.opt/idea/idea-IC-129.161/lib/forms_rt.jar:/home/acsia/.opt/idea/idea-IC-129.161/lib/openapi.jar:/home/acsia/.opt/idea/idea-IC-129.161/lib/resources_en.jar:/home/acsia/.opt/idea/idea-IC-129.161/lib/optimizedFileManager.jar:/home/acsia/.opt/idea/idea-IC-129.161/lib/annotations.jar:/home/acsia/.opt/idea/idea-IC-129.161/lib/jdom.jar:/home/acsia/.opt/idea/idea-IC-129.161/lib/jna.jar:/home/acsia/.opt/idea/idea-IC-129.161/lib/log4j.jar:/home/acsia/.opt/idea/idea-IC-129.161/lib/idea_rt.jar:/home/acsia/.opt/idea/idea-IC-129.161/lib/nanoxml-2.2.3.jar:/home/acsia/.opt/idea/idea-IC-129.161/lib/oromatcher.jar:/home/acsia/.opt/idea/idea-IC-129.161/lib/trove4j.jar:/home/acsia/.opt/idea/idea-IC-129.161/lib/idea.jar:/home/acsia/.opt/idea/idea-IC-129.161/lib/util.jar:/home/acsia/.opt/idea/idea-IC-129.161/lib/ecj-4.2.1.jar:/home/acsia/.opt/idea/idea-IC-129.161/lib/jgoodies-forms.jar:/home/acsia/.opt/idea/idea-IC-129.161/lib/protobuf-2.4.1.jar:/home/acsia/.opt/idea/idea-IC-129.161/lib/jna-utils.jar:/home/acsia/.opt/idea/idea-IC-129.161/lib/netty-3.6.2.Final.jar:/home/acsia/.opt/idea/idea-IC-129.161/lib/jps-server.jar:/home/acsia/.opt/idea/idea-IC-129.161/lib/asm4-all.jar:/home/acsia/.opt/idea/idea-IC-129.161/lib/picocontainer.jar:/opt/android-sdk-linux/lib/tools.jar:/home/acsia/.opt/idea/idea-IC-129.161/plugins/ant/lib/ant-jps-plugin.jar:/home/acsia/.opt/idea/idea-IC-129.161/plugins/devkit/lib/jps/devkit-jps-plugin.jar:/home/acsia/.opt/idea/idea-IC-129.161/plugins/uiDesigner/lib/jps/ui-designer-jps-plugin.jar:/home/acsia/.opt/idea/idea-IC-129.161/plugins/IntelliLang/lib/intellilang-jps-plugin.jar:/home/acsia/.opt/idea/idea-IC-129.161/plugins/Groovy/lib/groovy-jps-plugin.jar:/home/acsia/.opt/idea/idea-IC-129.161/plugins/eclipse/lib/eclipse-jps-plugin.jar:/home/acsia/.opt/idea/idea-IC-129.161/plugins/eclipse/lib/common-eclipse-util.jar:/home/acsia/.opt/idea/idea-IC-129.161/plugins/maven/lib/maven-jps-plugin.jar:/home/acsia/.opt/idea/idea-IC-129.161/plugins/maven/lib/maven3/plexus-utils-2.0.6.jar:/home/acsia/.IdeaIC12/config/plugins/Scala/lib/scala-library.jar:/home/acsia/.IdeaIC12/config/plugins/Scala/lib/jps/nailgun.jar:/home/acsia/.IdeaIC12/config/plugins/Scala/lib/jps/scala-jps-plugin.jar:/home/acsia/.IdeaIC12/config/plugins/Scala/lib/jps/sbt-interface.jar:/home/acsia/.IdeaIC12/config/plugins/Scala/lib/jps/incremental-compiler.jar:/home/acsia/.IdeaIC12/config/plugins/Scala/lib/jps/jline.jar:/home/acsia/.opt/idea/idea-IC-129.161/plugins/android/lib/jps/android-jps-plugin.jar:/home/acsia/.opt/idea/idea-IC-129.161/plugins/android/lib/android-common.jar:/home/acsia/.opt/idea/idea-IC-129.161/plugins/android/lib/android-rt.jar:/home/acsia/.opt/idea/idea-IC-129.161/plugins/android/lib/sdklib.jar:/home/acsia/.opt/idea/idea-IC-129.161/plugins/android/lib/common.jar:/home/acsia/.opt/idea/idea-IC-129.161/plugins/android/lib/jarutils.jar:/home/acsia/.opt/idea/idea-IC-129.161/plugins/android/lib/androidprefs.jar:/home/acsia/.opt/idea/idea-IC-129.161/plugins/android/lib/layoutlib_api.jar:/home/acsia/.IdeaIC12/config/plugins/Kotlin/lib/jps/kotlin-jps-plugin.jar:/home/acsia/.opt/idea/idea-IC-129.161/plugins/javaFX/lib/javaFX-jps-plugin.jar:/home/acsia/.opt/idea/idea-IC-129.161/plugins/javaFX/lib/common-javaFX-plugin.jar 
2013-04-22 23:03:54,580 [1022807]   INFO - indexing.UnindexedFilesUpdater - Indexable files iterated in 2 ms 
2013-04-22 23:03:54,581 [1022808]   INFO - indexing.UnindexedFilesUpdater - Unindexed files update started: 0 files to update 
2013-04-22 23:03:54,581 [1022808]   INFO - indexing.UnindexedFilesUpdater - Unindexed files update done in 0 ms 
2013-04-22 23:03:54,665 [1022892]   INFO - lij.compiler.impl.CompilerUtil - 	COMPILATION FINISHED (BUILD PROCESS); Errors: 0; warnings: 0 took 23137 ms: 0 min 23sec 
2013-04-22 23:03:54,762 [1022989]   INFO - ains.android.util.AndroidUtils - /opt/android-sdk-linux//tools/emulator -avd ICS_x86 -netspeed full -netdelay none 
2013-04-22 23:03:54,877 [1023104]   INFO - s.impl.stores.FileBasedStorage - Document was not loaded for $APP_CONFIG$/consoleFolding.xml file is null 
2013-04-22 23:03:55,080 [1023307]   INFO - ment.AndroidPsiAugmentProvider - R_CLASS_AUGMENT: 2 classes added 
2013-04-22 23:04:28,834 [1057061]   INFO - ment.AndroidPsiAugmentProvider - R_CLASS_AUGMENT: 2 classes added 
2013-04-22 23:09:36,230 [1364457]   INFO - android.run.AndroidDebugRunner - device offline 
com.android.ddmlib.AdbCommandRejectedException: device offline
	at com.android.ddmlib.AdbHelper.setDevice(AdbHelper.java:752)
	at com.android.ddmlib.AdbHelper.executeRemoteCommand(AdbHelper.java:373)
	at com.android.ddmlib.Device.executeShellCommand(Device.java:462)
	at org.jetbrains.android.util.AndroidUtils.executeCommandOnDevice(AndroidUtils.java:285)
	at org.jetbrains.android.logcat.AndroidLogcatUtil.startLogging(AndroidLogcatUtil.java:67)
	at org.jetbrains.android.logcat.AndroidLogcatUtil.access$100(AndroidLogcatUtil.java:46)
	at org.jetbrains.android.logcat.AndroidLogcatUtil$4$1.run(AndroidLogcatUtil.java:131)
	at com.intellij.openapi.application.impl.ApplicationImpl$8.run(ApplicationImpl.java:454)
	at java.util.concurrent.Executors$RunnableAdapter.call(Executors.java:441)
	at java.util.concurrent.FutureTask$Sync.innerRun(FutureTask.java:303)
	at java.util.concurrent.FutureTask.run(FutureTask.java:138)
	at java.util.concurrent.ThreadPoolExecutor$Worker.runTask(ThreadPoolExecutor.java:886)
	at java.util.concurrent.ThreadPoolExecutor$Worker.run(ThreadPoolExecutor.java:908)
	at java.lang.Thread.run(Thread.java:662)
	at com.intellij.openapi.application.impl.ApplicationImpl$1$1.run(ApplicationImpl.java:152)
